<?xml version="1.0" encoding="UTF-8"?>
<!-- Generated by org.testng.reporters.JUnitReportReporter -->
<testsuite skipped="2" hostname="LAPTOP-DPFBDDPG" name="tests.TestPageObject" tests="3" failures="0" timestamp="2020-09-28T13:08:23 IDT" time="4.770" errors="0">
  <testcase name="addImageToReportExample" time="4.770" classname="tests.TestPageObject"/>
  <testcase name="searchLocalTime" classname="tests.TestPageObject">
    <skipped/>
  </testcase> <!-- searchLocalTime -->
  <testcase name="register" classname="tests.TestPageObject">
    <skipped/>
  </testcase> <!-- register -->
</testsuite> <!-- tests.TestPageObject -->
